<?xml version="1.0" encoding="UTF-8"?>
<!-- Generated by org.testng.reporters.JUnitXMLReporter -->
<testsuite hostname="TAC-45" ignored="6" name="Greetings: Add contact to a greeting" tests="2" failures="1" timestamp="12 May 2017 00:58:43 GMT" time="78.752" errors="0">
  <testcase name="openGreetings" time="29.059" classname="tests.GreetingsTest"/>
  <testcase name="addContactToGreeting" time="23.332" classname="tests.GreetingsTest">
    <failure type="org.openqa.selenium.TimeoutException" message="Expected condition failed: waiting for presence of element located by: By.xpath: //android.widget.TextView[@resource-id=&amp;apos;com.youmail.android.vvm:id/greeting_name&amp;apos; and @text=&amp;apos;Test Greeting&amp;apos;] (tried for 20 second(s) with 500 MILLISECONDS interval)
Build info: version: &amp;apos;3.0.1&amp;apos;, revision: &amp;apos;1969d75&amp;apos;, time: &amp;apos;2016-10-18 09:48:19 -0700&amp;apos;
System info: host: &amp;apos;TAC-45&amp;apos;, ip: &amp;apos;10.3.184.68&amp;apos;, os.name: &amp;apos;Windows 10&amp;apos;, os.arch: &amp;apos;amd64&amp;apos;, os.version: &amp;apos;10.0&amp;apos;, java.version: &amp;apos;1.8.0_111&amp;apos;
Driver info: io.appium.java_client.android.AndroidDriver
Capabilities [{appPackage=com.youmail.android.vvm, noReset=true, deviceName=Android, platform=ANY, appActivity=com.youmail.android.vvm.activity.Splash, autoLaunch=true, newCommandTimeout=0, platformVersion=7.0, automationName=uiautomator2, full-reset=false, browserName=Android, platformName=Android, autoAcceptAlerts=true}]
Session ID: 2fb0ba89-3701-41f7-a79e-6c3eb8905ead">
      <![CDATA[org.openqa.selenium.TimeoutException: Expected condition failed: waiting for presence of element located by: By.xpath: //android.widget.TextView[@resource-id='com.youmail.android.vvm:id/greeting_name' and @text='Test Greeting'] (tried for 20 second(s) with 500 MILLISECONDS interval)
Build info: version: '3.0.1', revision: '1969d75', time: '2016-10-18 09:48:19 -0700'
System info: host: 'TAC-45', ip: '10.3.184.68', os.name: 'Windows 10', os.arch: 'amd64', os.version: '10.0', java.version: '1.8.0_111'
Driver info: io.appium.java_client.android.AndroidDriver
Capabilities [{appPackage=com.youmail.android.vvm, noReset=true, deviceName=Android, platform=ANY, appActivity=com.youmail.android.vvm.activity.Splash, autoLaunch=true, newCommandTimeout=0, platformVersion=7.0, automationName=uiautomator2, full-reset=false, browserName=Android, platformName=Android, autoAcceptAlerts=true}]
Session ID: 2fb0ba89-3701-41f7-a79e-6c3eb8905ead
	at org.openqa.selenium.support.ui.WebDriverWait.timeoutException(WebDriverWait.java:80)
	at org.openqa.selenium.support.ui.FluentWait.until(FluentWait.java:265)
	at settings.Helper.waitForPresent(Helper.java:28)
	at screens.GreetingsScreen.openTestGreeting(GreetingsScreen.java:77)
	at tests.GreetingsTest.addContactToGreeting(GreetingsTest.java:67)
	at com.intellij.rt.execution.application.AppMain.main(AppMain.java:147)
Caused by: org.openqa.selenium.NoSuchElementException: An element could not be located on the page using the given search parameters. (WARNING: The server did not provide any stacktrace information)
Command duration or timeout: 5.07 seconds
For documentation on this error, please visit: http://seleniumhq.org/exceptions/no_such_element.html
Build info: version: '3.0.1', revision: '1969d75', time: '2016-10-18 09:48:19 -0700'
System info: host: 'TAC-45', ip: '10.3.184.68', os.name: 'Windows 10', os.arch: 'amd64', os.version: '10.0', java.version: '1.8.0_111'
Driver info: io.appium.java_client.android.AndroidDriver
Capabilities [{appPackage=com.youmail.android.vvm, noReset=true, deviceName=Android, platform=ANY, appActivity=com.youmail.android.vvm.activity.Splash, autoLaunch=true, newCommandTimeout=0, platformVersion=7.0, automationName=uiautomator2, full-reset=false, browserName=Android, platformName=Android, autoAcceptAlerts=true}]
Session ID: 2fb0ba89-3701-41f7-a79e-6c3eb8905ead
*** Element info: {Using=xpath, value=//android.widget.TextView[@resource-id='com.youmail.android.vvm:id/greeting_name' and @text='Test Greeting']}
	at org.openqa.selenium.remote.ErrorHandler.createThrowable(ErrorHandler.java:216)
	at org.openqa.selenium.remote.ErrorHandler.throwIfResponseFailed(ErrorHandler.java:168)
	at org.openqa.selenium.remote.RemoteWebDriver.execute(RemoteWebDriver.java:635)
	at io.appium.java_client.DefaultGenericMobileDriver.execute(DefaultGenericMobileDriver.java:40)
	at io.appium.java_client.AppiumDriver.execute(AppiumDriver.java:1)
	at io.appium.java_client.android.AndroidDriver.execute(AndroidDriver.java:1)
	at org.openqa.selenium.remote.RemoteWebDriver.findElement(RemoteWebDriver.java:368)
	at io.appium.java_client.DefaultGenericMobileDriver.findElement(DefaultGenericMobileDriver.java:56)
	at io.appium.java_client.AppiumDriver.findElement(AppiumDriver.java:1)
	at io.appium.java_client.android.AndroidDriver.findElement(AndroidDriver.java:1)
	at org.openqa.selenium.remote.RemoteWebDriver.findElementByXPath(RemoteWebDriver.java:473)
	at io.appium.java_client.DefaultGenericMobileDriver.findElementByXPath(DefaultGenericMobileDriver.java:134)
	at io.appium.java_client.AppiumDriver.findElementByXPath(AppiumDriver.java:1)
	at io.appium.java_client.android.AndroidDriver.findElementByXPath(AndroidDriver.java:1)
	at org.openqa.selenium.By$ByXPath.findElement(By.java:361)
	at org.openqa.selenium.remote.RemoteWebDriver.findElement(RemoteWebDriver.java:360)
	at io.appium.java_client.DefaultGenericMobileDriver.findElement(DefaultGenericMobileDriver.java:52)
	at io.appium.java_client.AppiumDriver.findElement(AppiumDriver.java:1)
	at io.appium.java_client.android.AndroidDriver.findElement(AndroidDriver.java:1)
	at org.openqa.selenium.support.ui.ExpectedConditions.findElement(ExpectedConditions.java:895)
	at org.openqa.selenium.support.ui.ExpectedConditions.access$000(ExpectedConditions.java:41)
	at org.openqa.selenium.support.ui.ExpectedConditions$6.apply(ExpectedConditions.java:181)
	at org.openqa.selenium.support.ui.ExpectedConditions$6.apply(ExpectedConditions.java:178)
	at org.openqa.selenium.support.ui.FluentWait.until(FluentWait.java:238)
	... 33 more
... Removed 32 stack frames]]>
    </failure>
  </testcase> <!-- addContactToGreeting -->
  <testcase name="openSmartGreeting" time="0.0" classname="tests.GreetingsTest">
    <ignored/>
  </testcase> <!-- openSmartGreeting -->
  <testcase name="openTestGreeting" time="0.0" classname="tests.GreetingsTest">
    <ignored/>
  </testcase> <!-- openTestGreeting -->
  <testcase name="setAsMainGreeting" time="0.0" classname="tests.GreetingsTest">
    <ignored/>
  </testcase> <!-- setAsMainGreeting -->
  <testcase name="recordGreeting" time="0.0" classname="tests.GreetingsTest">
    <ignored/>
  </testcase> <!-- recordGreeting -->
  <testcase name="deleteGreeting" time="0.0" classname="tests.GreetingsTest">
    <ignored/>
  </testcase> <!-- deleteGreeting -->
  <testcase name="playGreeting" time="0.0" classname="tests.GreetingsTest">
    <ignored/>
  </testcase> <!-- playGreeting -->
</testsuite> <!-- Greetings: Add contact to a greeting -->
